2025-04-17 21:31:18,184 - __main__ - INFO - Iniciando o bot...
2025-04-17 21:31:18,184 - __main__ - INFO - Bot iniciado. Mensagem agendada para 21:17 (horário de São Paulo)
2025-04-17 21:31:18,185 - __main__ - INFO - Thread de polling iniciada
2025-04-17 21:31:36,000 - __main__ - INFO - Mensagem de teste enviada com sucesso
2025-04-17 21:33:02,266 - __main__ - INFO - Bot encerrado pelo usuário
2025-04-17 21:33:02,267 - __main__ - INFO - Encerrando o bot...
2025-04-17 21:33:33,926 - __main__ - INFO - Iniciando o bot...
2025-04-17 21:33:33,927 - __main__ - INFO - Configuração do bot - Token: Configurado, Chat ID: Configurado
2025-04-17 21:33:34,579 - __main__ - INFO - Bot conectado com sucesso: BettingClubLittleEvils_bot
2025-04-17 21:33:34,588 - __main__ - INFO - Mensagem agendada para 21:31 (horário de São Paulo)
2025-04-17 21:33:34,589 - __main__ - INFO - Thread de polling iniciada
2025-04-17 21:33:51,060 - __main__ - INFO - Mensagem de teste enviada com sucesso
2025-04-17 21:34:04,018 - __main__ - INFO - Bot encerrado pelo usuário
2025-04-17 21:34:04,020 - __main__ - INFO - Encerrando o bot...
2025-04-17 21:34:18,980 - __main__ - INFO - Iniciando o bot...
2025-04-17 21:34:18,981 - __main__ - INFO - Configuração do bot - Token: Configurado, Chat ID: Configurado
2025-04-17 21:34:19,668 - __main__ - INFO - Bot conectado com sucesso: BettingClubLittleEvils_bot
2025-04-17 21:34:19,670 - __main__ - INFO - Mensagem agendada para 21:31 (horário de São Paulo)
2025-04-17 21:34:19,672 - __main__ - INFO - Thread de polling iniciada
2025-04-17 21:34:54,000 - __main__ - INFO - Bot encerrado pelo usuário
2025-04-17 21:34:54,000 - __main__ - INFO - Encerrando o bot...
2025-04-17 21:34:56,725 - __main__ - INFO - Iniciando o bot...
2025-04-17 21:34:56,725 - __main__ - INFO - Configuração do bot - Token: Configurado, Chat ID: Configurado
2025-04-17 21:34:57,410 - __main__ - INFO - Bot conectado com sucesso: BettingClubLittleEvils_bot
2025-04-17 21:34:57,412 - __main__ - INFO - Mensagem agendada para 21:31 (horário de São Paulo)
2025-04-17 21:34:57,415 - __main__ - INFO - Thread de polling iniciada
2025-04-17 21:36:00,130 - __main__ - INFO - Bot encerrado pelo usuário
2025-04-17 21:36:00,131 - __main__ - INFO - Encerrando o bot...
2025-04-17 21:36:02,706 - __main__ - INFO - Iniciando o bot...
2025-04-17 21:36:02,707 - __main__ - INFO - Configuração do bot - Token: Configurado, Chat ID: Configurado
2025-04-17 21:36:03,354 - __main__ - INFO - Bot conectado com sucesso: BettingClubLittleEvils_bot
2025-04-17 21:36:03,356 - __main__ - INFO - Mensagem agendada para 21:31 (horário de São Paulo)
2025-04-17 21:36:03,360 - __main__ - INFO - Thread de polling iniciada
2025-04-17 21:37:44,637 - __main__ - INFO - Bot encerrado pelo usuário
2025-04-17 21:37:44,638 - __main__ - INFO - Encerrando o bot...
2025-04-17 21:37:47,126 - __main__ - INFO - Iniciando o bot...
2025-04-17 21:37:47,127 - __main__ - INFO - Configuração do bot - Token: Configurado, Chat ID: Configurado
2025-04-17 21:37:47,805 - __main__ - INFO - Bot conectado com sucesso: BettingClubLittleEvils_bot
2025-04-17 21:37:47,806 - __main__ - INFO - Mensagem agendada para 22:22 (horário de São Paulo)
2025-04-17 21:37:47,807 - __main__ - INFO - Thread de polling iniciada
2025-04-17 21:39:40,280 - __main__ - INFO - Bot encerrado pelo usuário
2025-04-17 21:39:40,282 - __main__ - INFO - Encerrando o bot...
2025-04-17 21:39:44,290 - __main__ - INFO - Iniciando o bot...
2025-04-17 21:39:44,290 - __main__ - INFO - Configuração do bot - Token: Configurado, Chat ID: Configurado
2025-04-17 21:39:44,963 - __main__ - INFO - Bot conectado com sucesso: BettingClubLittleEvils_bot
2025-04-17 21:39:44,964 - __main__ - INFO - Tentando enviar mensagem para o chat_id: 6809356347
2025-04-17 21:39:44,964 - __main__ - INFO - Token do bot: Configurado
2025-04-17 21:39:45,533 - __main__ - INFO - Mensagem enviada com sucesso! ID da mensagem: 29
2025-04-17 21:39:45,533 - __main__ - INFO - Tentativa de envio de mensagem finalizada
2025-04-17 21:39:45,534 - __main__ - INFO - Mensagem agendada para 22:22 (horário de São Paulo)
2025-04-17 21:39:45,535 - __main__ - INFO - Thread de polling iniciada
2025-04-17 21:41:08,854 - __main__ - INFO - Bot encerrado pelo usuário
2025-04-17 21:41:08,855 - __main__ - INFO - Encerrando o bot...
2025-04-17 21:41:11,255 - __main__ - INFO - Iniciando o bot...
2025-04-17 21:41:11,256 - __main__ - INFO - Configuração do bot - Token: Configurado, Chat ID: Configurado
2025-04-17 21:41:12,214 - __main__ - INFO - Bot conectado com sucesso: BettingClubLittleEvils_bot
2025-04-17 21:41:12,215 - __main__ - INFO - Tentando enviar mensagem para o chat_id: 6809356347
2025-04-17 21:41:12,215 - __main__ - INFO - Token do bot: Configurado
2025-04-17 21:41:12,779 - __main__ - INFO - Mensagem enviada com sucesso! ID da mensagem: 30
2025-04-17 21:41:12,783 - __main__ - INFO - Tentativa de envio de mensagem finalizada
2025-04-17 21:41:12,786 - __main__ - ERROR - Erro fatal no bot: the first argument must be callable
2025-04-17 21:41:12,792 - __main__ - ERROR - Detalhes do erro: Traceback (most recent call last):
  File "c:\Users\gabri\OneDrive\Documentos\GitHub\botTelegram\main.py", line 151, in main
    schedule.every().day.at("21:41").do(send_scheduled_message())
    ~~~~~~~~~~~~~~~~~~~~~~~~~~~~~~~~~~~^^^^^^^^^^^^^^^^^^^^^^^^^^
  File "C:\Users\gabri\AppData\Local\Packages\PythonSoftwareFoundation.Python.3.13_qbz5n2kfra8p0\LocalCache\local-packages\Python313\site-packages\schedule\__init__.py", line 657, in do
    self.job_func = functools.partial(job_func, *args, **kwargs)
                    ~~~~~~~~~~~~~~~~~^^^^^^^^^^^^^^^^^^^^^^^^^^^
TypeError: the first argument must be callable

2025-04-17 21:41:12,794 - __main__ - INFO - Encerrando o bot...
2025-04-17 21:41:34,038 - __main__ - INFO - Iniciando o bot...
2025-04-17 21:41:34,039 - __main__ - INFO - Configuração do bot - Token: Configurado, Chat ID: Configurado
2025-04-17 21:41:34,708 - __main__ - INFO - Bot conectado com sucesso: BettingClubLittleEvils_bot
2025-04-17 21:41:34,709 - __main__ - INFO - Tentando enviar mensagem para o chat_id: 6809356347
2025-04-17 21:41:34,710 - __main__ - INFO - Token do bot: Configurado
2025-04-17 21:41:35,269 - __main__ - INFO - Mensagem enviada com sucesso! ID da mensagem: 31
2025-04-17 21:41:35,271 - __main__ - INFO - Tentativa de envio de mensagem finalizada
2025-04-17 21:41:35,272 - __main__ - ERROR - Erro fatal no bot: the first argument must be callable
2025-04-17 21:41:35,274 - __main__ - ERROR - Detalhes do erro: Traceback (most recent call last):
  File "c:\Users\gabri\OneDrive\Documentos\GitHub\botTelegram\main.py", line 151, in main
    schedule.every().day.at("21:42").do(send_scheduled_message())
    ~~~~~~~~~~~~~~~~~~~~~~~~~~~~~~~~~~~^^^^^^^^^^^^^^^^^^^^^^^^^^
  File "C:\Users\gabri\AppData\Local\Packages\PythonSoftwareFoundation.Python.3.13_qbz5n2kfra8p0\LocalCache\local-packages\Python313\site-packages\schedule\__init__.py", line 657, in do
    self.job_func = functools.partial(job_func, *args, **kwargs)
                    ~~~~~~~~~~~~~~~~~^^^^^^^^^^^^^^^^^^^^^^^^^^^
TypeError: the first argument must be callable

2025-04-17 21:41:35,277 - __main__ - INFO - Encerrando o bot...
2025-04-17 21:43:32,087 - __main__ - INFO - Iniciando o bot...
2025-04-17 21:43:32,088 - __main__ - INFO - Configuração do bot - Token: Configurado, Chat ID: Configurado
2025-04-17 21:43:32,670 - __main__ - INFO - Bot conectado com sucesso: BettingClubLittleEvils_bot
2025-04-17 21:43:32,730 - apscheduler.scheduler - INFO - Adding job tentatively -- it will be properly scheduled when the scheduler starts
2025-04-17 21:43:32,735 - __main__ - ERROR - Erro fatal no bot: 'zoneinfo.ZoneInfo' object has no attribute 'localize'
2025-04-17 21:43:32,740 - __main__ - ERROR - Detalhes do erro: Traceback (most recent call last):
  File "c:\Users\gabri\OneDrive\Documentos\GitHub\botTelegram\main.py", line 152, in main
    scheduler.start()
    ~~~~~~~~~~~~~~~^^
  File "C:\Users\gabri\AppData\Local\Packages\PythonSoftwareFoundation.Python.3.13_qbz5n2kfra8p0\LocalCache\local-packages\Python313\site-packages\apscheduler\schedulers\background.py", line 33, in start
    BaseScheduler.start(self, *args, **kwargs)
    ~~~~~~~~~~~~~~~~~~~^^^^^^^^^^^^^^^^^^^^^^^
  File "C:\Users\gabri\AppData\Local\Packages\PythonSoftwareFoundation.Python.3.13_qbz5n2kfra8p0\LocalCache\local-packages\Python313\site-packages\apscheduler\schedulers\base.py", line 162, in start
    self._real_add_job(job, jobstore_alias, replace_existing)
    ~~~~~~~~~~~~~~~~~~^^^^^^^^^^^^^^^^^^^^^^^^^^^^^^^^^^^^^^^
  File "C:\Users\gabri\AppData\Local\Packages\PythonSoftwareFoundation.Python.3.13_qbz5n2kfra8p0\LocalCache\local-packages\Python313\site-packages\apscheduler\schedulers\base.py", line 859, in _real_add_job
    replacements['next_run_time'] = job.trigger.get_next_fire_time(None, now)
                                    ~~~~~~~~~~~~~~~~~~~~~~~~~~~~~~^^^^^^^^^^^
  File "C:\Users\gabri\AppData\Local\Packages\PythonSoftwareFoundation.Python.3.13_qbz5n2kfra8p0\LocalCache\local-packages\Python313\site-packages\apscheduler\triggers\cron\__init__.py", line 182, in get_next_fire_time
    next_date = self._set_field_value(next_date, fieldnum, next_value)
  File "C:\Users\gabri\AppData\Local\Packages\PythonSoftwareFoundation.Python.3.13_qbz5n2kfra8p0\LocalCache\local-packages\Python313\site-packages\apscheduler\triggers\cron\__init__.py", line 159, in _set_field_value
    return self.timezone.localize(datetime(**values))
           ^^^^^^^^^^^^^^^^^^^^^^
AttributeError: 'zoneinfo.ZoneInfo' object has no attribute 'localize'

2025-04-17 21:43:32,744 - __main__ - INFO - Encerrando o bot...
2025-04-17 21:47:12,209 - __main__ - INFO - Iniciando o bot às 21:47:12
2025-04-17 21:47:12,217 - __main__ - INFO - Configuração do bot - Token: Configurado, Chat ID: Configurado
2025-04-17 21:47:12,218 - __main__ - INFO - Horário agendado: 21:47
2025-04-17 21:47:12,924 - __main__ - INFO - Bot conectado com sucesso: BettingClubLittleEvils_bot
2025-04-17 21:47:12,932 - apscheduler.scheduler - INFO - Adding job tentatively -- it will be properly scheduled when the scheduler starts
2025-04-17 21:47:12,937 - apscheduler.scheduler - INFO - Added job "Enviar mensagem diária" to job store "default"
2025-04-17 21:47:12,937 - apscheduler.scheduler - INFO - Scheduler started
2025-04-17 21:47:12,939 - __main__ - INFO - Scheduler iniciado às 21:47:12. Mensagem agendada para 21:47 (horário de São Paulo)
2025-04-17 21:47:12,940 - __main__ - INFO - Thread de polling iniciada
2025-04-17 21:50:25,971 - apscheduler.scheduler - INFO - Scheduler has been shut down
2025-04-17 21:50:25,975 - __main__ - INFO - Bot encerrado pelo usuário
2025-04-17 21:50:25,977 - __main__ - INFO - Encerrando o bot...
2025-04-17 21:50:30,594 - __main__ - INFO - Iniciando o bot às 21:50:30
2025-04-17 21:50:30,594 - __main__ - INFO - Configuração do bot - Token: Configurado, Chat ID: Configurado
2025-04-17 21:50:30,595 - __main__ - INFO - Horário agendado: 21:47
2025-04-17 21:50:31,204 - __main__ - INFO - Bot conectado com sucesso: BettingClubLittleEvils_bot
2025-04-17 21:50:31,220 - apscheduler.scheduler - INFO - Adding job tentatively -- it will be properly scheduled when the scheduler starts
2025-04-17 21:50:31,226 - apscheduler.scheduler - INFO - Added job "Enviar mensagem diária" to job store "default"
2025-04-17 21:50:31,227 - apscheduler.scheduler - INFO - Scheduler started
2025-04-17 21:50:31,229 - __main__ - INFO - Scheduler iniciado. Próxima execução programada para: 2025-04-18 21:47:00-03:00
2025-04-17 21:50:31,230 - __main__ - INFO - Iniciando o polling do bot...
2025-04-17 21:50:58,514 - TeleBot - ERROR - Infinity polling: polling exited
2025-04-17 21:50:58,514 - TeleBot - ERROR - Break infinity polling
2025-04-17 21:50:58,515 - apscheduler.scheduler - INFO - Scheduler has been shut down
2025-04-17 21:50:58,516 - __main__ - INFO - Bot encerrado
2025-04-17 21:51:01,519 - __main__ - INFO - Iniciando o bot às 21:51:01
2025-04-17 21:51:01,520 - __main__ - INFO - Configuração do bot - Token: Configurado, Chat ID: Configurado
2025-04-17 21:51:01,521 - __main__ - INFO - Horário agendado: 21:51
2025-04-17 21:51:02,187 - __main__ - INFO - Bot conectado com sucesso: BettingClubLittleEvils_bot
2025-04-17 21:51:02,200 - apscheduler.scheduler - INFO - Adding job tentatively -- it will be properly scheduled when the scheduler starts
2025-04-17 21:51:02,204 - apscheduler.scheduler - INFO - Added job "Enviar mensagem diária" to job store "default"
2025-04-17 21:51:02,204 - apscheduler.scheduler - INFO - Scheduler started
2025-04-17 21:51:02,205 - __main__ - INFO - Scheduler iniciado. Próxima execução programada para: 2025-04-18 21:51:00-03:00
2025-04-17 21:51:02,206 - __main__ - INFO - Iniciando o polling do bot...
2025-04-17 21:52:51,616 - TeleBot - ERROR - Infinity polling: polling exited
2025-04-17 21:52:51,617 - TeleBot - ERROR - Break infinity polling
2025-04-17 21:52:51,618 - apscheduler.scheduler - INFO - Scheduler has been shut down
2025-04-17 21:52:51,619 - __main__ - INFO - Bot encerrado
2025-04-17 21:53:07,274 - __main__ - INFO - Iniciando o bot às 21:53:07
2025-04-17 21:53:07,275 - __main__ - INFO - Configuração do bot - Token: Configurado, Chat ID: Configurado
2025-04-17 21:53:07,276 - __main__ - INFO - Horário agendado: 21:53
2025-04-17 21:53:07,943 - __main__ - INFO - Bot conectado com sucesso: BettingClubLittleEvils_bot
2025-04-17 21:53:07,947 - apscheduler.scheduler - INFO - Adding job tentatively -- it will be properly scheduled when the scheduler starts
2025-04-17 21:53:07,950 - apscheduler.scheduler - INFO - Added job "Enviar mensagem diária" to job store "default"
2025-04-17 21:53:07,951 - apscheduler.scheduler - INFO - Scheduler started
2025-04-17 21:53:07,952 - __main__ - INFO - Scheduler iniciado. Próxima execução programada para: Enviar mensagem diária (trigger: cron[hour='21', minute='53'], next run at: 2025-04-18 21:53:00 -03)
2025-04-17 21:53:07,953 - __main__ - INFO - Iniciando o polling do bot...
2025-04-17 21:57:19,349 - TeleBot - ERROR - Infinity polling: polling exited
2025-04-17 21:57:19,350 - TeleBot - ERROR - Break infinity polling
2025-04-17 21:57:19,351 - apscheduler.scheduler - INFO - Scheduler has been shut down
2025-04-17 21:57:19,351 - __main__ - INFO - Bot encerrado
2025-04-17 21:57:57,783 - __main__ - INFO - Iniciando o bot às 21:57:57
2025-04-17 21:57:57,784 - __main__ - INFO - Configuração do bot - Token: Configurado, Chat ID: Configurado
2025-04-17 21:57:57,785 - __main__ - INFO - Horário alvo: 21:58
2025-04-17 21:57:58,467 - __main__ - INFO - Bot conectado com sucesso: BettingClubLittleEvils_bot
2025-04-17 21:57:58,475 - apscheduler.scheduler - INFO - Scheduler started
2025-04-17 21:57:58,717 - __main__ - ERROR - Erro fatal no bot: Only timezones from the pytz library are supported
2025-04-17 21:57:58,725 - __main__ - ERROR - Detalhes do erro: Traceback (most recent call last):
  File "c:\Users\gabri\OneDrive\Documentos\GitHub\botTelegram\main.py", line 212, in main
    schedule_today()
    ~~~~~~~~~~~~~~^^
  File "c:\Users\gabri\OneDrive\Documentos\GitHub\botTelegram\main.py", line 178, in schedule_today
    scheduler.add_job(
    ~~~~~~~~~~~~~~~~~^
        send_scheduled_message,
        ^^^^^^^^^^^^^^^^^^^^^^^
    ...<4 lines>...
        replace_existing=True
        ^^^^^^^^^^^^^^^^^^^^^
    )
    ^
  File "C:\Users\gabri\AppData\Local\Packages\PythonSoftwareFoundation.Python.3.13_qbz5n2kfra8p0\LocalCache\local-packages\Python313\site-packages\apscheduler\schedulers\base.py", line 420, in add_job
    'trigger': self._create_trigger(trigger, trigger_args),
               ~~~~~~~~~~~~~~~~~~~~^^^^^^^^^^^^^^^^^^^^^^^
  File "C:\Users\gabri\AppData\Local\Packages\PythonSoftwareFoundation.Python.3.13_qbz5n2kfra8p0\LocalCache\local-packages\Python313\site-packages\apscheduler\schedulers\base.py", line 921, in _create_trigger
    return self._create_plugin_instance('trigger', trigger, trigger_args)
           ~~~~~~~~~~~~~~~~~~~~~~~~~~~~^^^^^^^^^^^^^^^^^^^^^^^^^^^^^^^^^^
  File "C:\Users\gabri\AppData\Local\Packages\PythonSoftwareFoundation.Python.3.13_qbz5n2kfra8p0\LocalCache\local-packages\Python313\site-packages\apscheduler\schedulers\base.py", line 906, in _create_plugin_instance
    return plugin_cls(**constructor_kwargs)
  File "C:\Users\gabri\AppData\Local\Packages\PythonSoftwareFoundation.Python.3.13_qbz5n2kfra8p0\LocalCache\local-packages\Python313\site-packages\apscheduler\triggers\date.py", line 20, in __init__
    timezone = astimezone(timezone) or get_localzone()
               ~~~~~~~~~~^^^^^^^^^^
  File "C:\Users\gabri\AppData\Local\Packages\PythonSoftwareFoundation.Python.3.13_qbz5n2kfra8p0\LocalCache\local-packages\Python313\site-packages\apscheduler\util.py", line 93, in astimezone
    raise TypeError('Only timezones from the pytz library are supported')
TypeError: Only timezones from the pytz library are supported

2025-04-17 21:57:58,730 - apscheduler.scheduler - INFO - Scheduler has been shut down
2025-04-17 21:57:58,731 - __main__ - INFO - Bot encerrado
2025-04-17 21:58:07,337 - __main__ - INFO - Iniciando o bot às 21:58:07
2025-04-17 21:58:07,338 - __main__ - INFO - Configuração do bot - Token: Configurado, Chat ID: Configurado
2025-04-17 21:58:07,338 - __main__ - INFO - Horário alvo: 21:58
2025-04-17 21:58:08,008 - __main__ - INFO - Bot conectado com sucesso: BettingClubLittleEvils_bot
2025-04-17 21:58:08,023 - apscheduler.scheduler - INFO - Scheduler started
2025-04-17 21:58:08,025 - __main__ - INFO - Horário já passou hoje. Reagendando para 21:59
2025-04-17 21:58:08,147 - __main__ - ERROR - Erro fatal no bot: Only timezones from the pytz library are supported
2025-04-17 21:58:08,150 - __main__ - ERROR - Detalhes do erro: Traceback (most recent call last):
  File "c:\Users\gabri\OneDrive\Documentos\GitHub\botTelegram\main.py", line 212, in main
    schedule_today()
    ~~~~~~~~~~~~~~^^
  File "c:\Users\gabri\OneDrive\Documentos\GitHub\botTelegram\main.py", line 178, in schedule_today
    scheduler.add_job(
    ~~~~~~~~~~~~~~~~~^
        send_scheduled_message,
        ^^^^^^^^^^^^^^^^^^^^^^^
    ...<4 lines>...
        replace_existing=True
        ^^^^^^^^^^^^^^^^^^^^^
    )
    ^
  File "C:\Users\gabri\AppData\Local\Packages\PythonSoftwareFoundation.Python.3.13_qbz5n2kfra8p0\LocalCache\local-packages\Python313\site-packages\apscheduler\schedulers\base.py", line 420, in add_job
    'trigger': self._create_trigger(trigger, trigger_args),
               ~~~~~~~~~~~~~~~~~~~~^^^^^^^^^^^^^^^^^^^^^^^
  File "C:\Users\gabri\AppData\Local\Packages\PythonSoftwareFoundation.Python.3.13_qbz5n2kfra8p0\LocalCache\local-packages\Python313\site-packages\apscheduler\schedulers\base.py", line 921, in _create_trigger
    return self._create_plugin_instance('trigger', trigger, trigger_args)
           ~~~~~~~~~~~~~~~~~~~~~~~~~~~~^^^^^^^^^^^^^^^^^^^^^^^^^^^^^^^^^^
  File "C:\Users\gabri\AppData\Local\Packages\PythonSoftwareFoundation.Python.3.13_qbz5n2kfra8p0\LocalCache\local-packages\Python313\site-packages\apscheduler\schedulers\base.py", line 906, in _create_plugin_instance
    return plugin_cls(**constructor_kwargs)
  File "C:\Users\gabri\AppData\Local\Packages\PythonSoftwareFoundation.Python.3.13_qbz5n2kfra8p0\LocalCache\local-packages\Python313\site-packages\apscheduler\triggers\date.py", line 20, in __init__
    timezone = astimezone(timezone) or get_localzone()
               ~~~~~~~~~~^^^^^^^^^^
  File "C:\Users\gabri\AppData\Local\Packages\PythonSoftwareFoundation.Python.3.13_qbz5n2kfra8p0\LocalCache\local-packages\Python313\site-packages\apscheduler\util.py", line 93, in astimezone
    raise TypeError('Only timezones from the pytz library are supported')
TypeError: Only timezones from the pytz library are supported

2025-04-17 21:58:08,154 - apscheduler.scheduler - INFO - Scheduler has been shut down
2025-04-17 21:58:08,155 - __main__ - INFO - Bot encerrado
2025-04-17 21:58:40,279 - __main__ - INFO - Iniciando o bot às 21:58:40
2025-04-17 21:58:40,280 - __main__ - INFO - Configuração do bot - Token: Configurado, Chat ID: Configurado
2025-04-17 21:58:40,281 - __main__ - INFO - Horário agendado: 21:58
2025-04-17 21:58:40,961 - __main__ - INFO - Bot conectado com sucesso: BettingClubLittleEvils_bot
2025-04-17 21:58:40,966 - apscheduler.scheduler - INFO - Adding job tentatively -- it will be properly scheduled when the scheduler starts
2025-04-17 21:58:40,967 - apscheduler.scheduler - INFO - Added job "Enviar mensagem diária" to job store "default"
2025-04-17 21:58:40,968 - apscheduler.scheduler - INFO - Scheduler started
2025-04-17 21:58:40,969 - __main__ - INFO - Scheduler iniciado às 21:58:40. Mensagem agendada para 21:58 (horário de São Paulo)
2025-04-17 21:58:40,970 - __main__ - INFO - Thread de polling iniciada
2025-04-17 21:59:02,218 - apscheduler.scheduler - INFO - Scheduler has been shut down
2025-04-17 21:59:02,220 - __main__ - INFO - Bot encerrado pelo usuário
2025-04-17 21:59:02,221 - __main__ - INFO - Encerrando o bot...
2025-04-17 21:59:04,848 - __main__ - INFO - Iniciando o bot às 21:59:04
2025-04-17 21:59:04,848 - __main__ - INFO - Configuração do bot - Token: Configurado, Chat ID: Configurado
2025-04-17 21:59:04,849 - __main__ - INFO - Horário agendado: 21:59
2025-04-17 21:59:05,438 - __main__ - INFO - Bot conectado com sucesso: BettingClubLittleEvils_bot
2025-04-17 21:59:05,455 - apscheduler.scheduler - INFO - Adding job tentatively -- it will be properly scheduled when the scheduler starts
2025-04-17 21:59:05,460 - apscheduler.scheduler - INFO - Added job "Enviar mensagem diária" to job store "default"
2025-04-17 21:59:05,461 - apscheduler.scheduler - INFO - Scheduler started
2025-04-17 21:59:05,463 - __main__ - INFO - Scheduler iniciado às 21:59:04. Mensagem agendada para 21:59 (horário de São Paulo)
2025-04-17 21:59:05,465 - __main__ - INFO - Thread de polling iniciada
2025-04-17 22:01:41,269 - apscheduler.scheduler - INFO - Scheduler has been shut down
2025-04-17 22:01:41,270 - __main__ - INFO - Bot encerrado pelo usuário
2025-04-17 22:01:41,271 - __main__ - INFO - Encerrando o bot...
2025-04-17 22:01:44,402 - __main__ - INFO - Iniciando o bot às 22:01:44
2025-04-17 22:01:44,403 - __main__ - INFO - Configuração do bot - Token: Configurado, Chat ID: Configurado
2025-04-17 22:01:44,403 - __main__ - INFO - Horário agendado: 21:59
2025-04-17 22:01:45,273 - __main__ - INFO - Bot conectado com sucesso: BettingClubLittleEvils_bot
2025-04-17 22:01:45,282 - apscheduler.scheduler - INFO - Adding job tentatively -- it will be properly scheduled when the scheduler starts
2025-04-17 22:01:45,286 - apscheduler.scheduler - INFO - Added job "Enviar mensagem diária" to job store "default"
2025-04-17 22:01:45,287 - apscheduler.scheduler - INFO - Scheduler started
2025-04-17 22:01:45,288 - __main__ - INFO - Scheduler iniciado às 22:01:44. Mensagem agendada para 21:59 (horário de São Paulo)
2025-04-17 22:01:45,290 - __main__ - INFO - Thread de polling iniciada
2025-04-17 22:04:40,633 - apscheduler.scheduler - INFO - Scheduler has been shut down
2025-04-17 22:04:40,635 - __main__ - INFO - Bot encerrado pelo usuário
2025-04-17 22:04:40,636 - __main__ - INFO - Encerrando o bot...
2025-04-17 22:04:46,352 - Iniciando bot...
2025-04-17 22:04:46,967 - Bot conectado: BettingClubLittleEvils_bot
2025-04-17 22:04:46,971 - Adding job tentatively -- it will be properly scheduled when the scheduler starts
2025-04-17 22:04:46,973 - Added job "Enviar mensagem diária" to job store "default"
2025-04-17 22:04:46,973 - Scheduler started
2025-04-17 22:04:46,974 - Mensagem agendada para 22:05 (horário de São Paulo)
2025-04-17 22:05:00,004 - Running job "Enviar mensagem diária (trigger: cron[hour='22', minute='5'], next run at: 2025-04-17 22:05:00 -03)" (scheduled at 2025-04-17 22:05:00-03:00)
2025-04-17 22:05:00,005 - Enviando mensagem agendada às 22:05:00
2025-04-17 22:05:00,774 - Job "Enviar mensagem diária (trigger: cron[hour='22', minute='5'], next run at: 2025-04-18 22:05:00 -03)" executed successfully
2025-04-17 22:05:51,279 - Scheduler has been shut down
2025-04-17 22:05:51,282 - Bot encerrado
2025-04-17 22:05:56,027 - Iniciando bot...
2025-04-17 22:05:56,682 - Bot conectado: BettingClubLittleEvils_bot
2025-04-17 22:05:56,686 - Adding job tentatively -- it will be properly scheduled when the scheduler starts
2025-04-17 22:05:56,687 - Added job "Enviar mensagem diária" to job store "default"
2025-04-17 22:05:56,687 - Scheduler started
2025-04-17 22:05:56,688 - Mensagem agendada para 22:08 (horário de São Paulo)
2025-04-17 22:06:37,836 - Iniciando bot...
2025-04-17 22:06:38,508 - Bot conectado: BettingClubLittleEvils_bot
2025-04-17 22:06:38,521 - Adding job tentatively -- it will be properly scheduled when the scheduler starts
2025-04-17 22:06:38,526 - Added job "Enviar mensagem diária" to job store "default"
2025-04-17 22:06:38,527 - Scheduler started
2025-04-17 22:06:38,528 - Mensagem agendada para 22:08 (horário de São Paulo)
2025-04-17 22:06:47,781 - Scheduler has been shut down
2025-04-17 22:06:47,782 - Bot encerrado
2025-04-17 22:06:55,477 - Iniciando bot...
2025-04-17 22:06:56,341 - Bot conectado: BettingClubLittleEvils_bot
2025-04-17 22:06:56,346 - Adding job tentatively -- it will be properly scheduled when the scheduler starts
2025-04-17 22:06:56,348 - Added job "Enviar mensagem diária" to job store "default"
2025-04-17 22:06:56,348 - Scheduler started
2025-04-17 22:06:56,349 - Mensagem agendada para 22:07 (horário de São Paulo)
2025-04-17 22:07:00,010 - Running job "Enviar mensagem diária (trigger: cron[hour='22', minute='7'], next run at: 2025-04-17 22:07:00 -03)" (scheduled at 2025-04-17 22:07:00-03:00)
2025-04-17 22:07:00,012 - Enviando mensagem agendada às 22:07:00
2025-04-17 22:07:00,791 - Job "Enviar mensagem diária (trigger: cron[hour='22', minute='7'], next run at: 2025-04-18 22:07:00 -03)" executed successfully
2025-04-17 22:09:39,483 - Scheduler has been shut down
2025-04-17 22:09:39,484 - Bot encerrado
2025-04-17 22:09:55,915 - Iniciando bot...
2025-04-17 22:09:56,572 - Bot conectado: BettingClubLittleEvils_bot
2025-04-17 22:09:56,576 - Adding job tentatively -- it will be properly scheduled when the scheduler starts
2025-04-17 22:09:56,578 - Added job "Enviar mensagem diária" to job store "default"
2025-04-17 22:09:56,578 - Scheduler started
2025-04-17 22:09:56,579 - Mensagem agendada para 22:10 (horário de São Paulo)
2025-04-17 22:10:00,012 - Running job "Enviar mensagem diária (trigger: cron[hour='22', minute='10'], next run at: 2025-04-17 22:10:00 -03)" (scheduled at 2025-04-17 22:10:00-03:00)
2025-04-17 22:10:00,013 - Enviando mensagem agendada às 22:10:00
2025-04-17 22:10:00,734 - Job "Enviar mensagem diária (trigger: cron[hour='22', minute='10'], next run at: 2025-04-18 22:10:00 -03)" executed successfully
2025-04-17 22:10:57,803 - Scheduler has been shut down
2025-04-17 22:10:57,804 - Bot encerrado
2025-04-17 22:10:59,607 - Iniciando bot...
2025-04-17 22:11:00,275 - Bot conectado: BettingClubLittleEvils_bot
2025-04-17 22:11:00,297 - Adding job tentatively -- it will be properly scheduled when the scheduler starts
2025-04-17 22:11:00,303 - Added job "Enviar mensagem diária" to job store "default"
2025-04-17 22:11:00,304 - Scheduler started
2025-04-17 22:11:00,306 - Mensagem agendada para 22:11 (horário de São Paulo)
2025-04-17 22:11:12,550 - Scheduler has been shut down
2025-04-17 22:11:12,551 - Bot encerrado
2025-04-17 22:11:16,350 - Iniciando bot...
2025-04-17 22:11:17,039 - Bot conectado: BettingClubLittleEvils_bot
2025-04-17 22:11:17,052 - Adding job tentatively -- it will be properly scheduled when the scheduler starts
2025-04-17 22:11:17,055 - Added job "Enviar mensagem diária" to job store "default"
2025-04-17 22:11:17,055 - Scheduler started
2025-04-17 22:11:17,056 - Mensagem agendada para 22:12 (horário de São Paulo)
2025-04-17 22:12:00,006 - Running job "Enviar mensagem diária (trigger: cron[hour='22', minute='12'], next run at: 2025-04-17 22:12:00 -03)" (scheduled at 2025-04-17 22:12:00-03:00)
2025-04-17 22:12:00,008 - Enviando mensagem agendada às 22:12:00
2025-04-17 22:12:00,818 - Job "Enviar mensagem diária (trigger: cron[hour='22', minute='12'], next run at: 2025-04-18 22:12:00 -03)" executed successfully
2025-04-17 22:12:21,280 - Scheduler has been shut down
2025-04-17 22:12:21,283 - Bot encerrado
